TN:
SF:src\chess.ts
FN:43,from
FN:47,Object.<anonymous>
FN:57,PieceTypeClass
FN:67,from
FN:71,Object.<anonymous>
FN:117,piece_symbol
FN:121,piece_name
FNF:7
FNH:7
FNDA:5,from
FNDA:16,Object.<anonymous>
FNDA:4,PieceTypeClass
FNDA:4,from
FNDA:27,Object.<anonymous>
FNDA:6,piece_symbol
FNDA:6,piece_name
DA:1,1
DA:2,1
DA:3,1
DA:4,1
DA:5,1
DA:6,1
DA:7,1
DA:8,1
DA:9,1
DA:10,1
DA:11,1
DA:12,1
DA:13,1
DA:14,1
DA:15,1
DA:16,1
DA:17,1
DA:18,1
DA:19,1
DA:20,1
DA:21,1
DA:22,1
DA:23,1
DA:24,1
DA:25,1
DA:26,1
DA:27,1
DA:28,1
DA:29,1
DA:30,1
DA:31,1
DA:32,1
DA:33,1
DA:34,1
DA:35,1
DA:36,1
DA:37,1
DA:38,1
DA:39,1
DA:40,1
DA:41,1
DA:42,1
DA:43,1
DA:44,5
DA:45,5
DA:46,1
DA:47,1
DA:48,16
DA:49,16
DA:50,1
DA:51,1
DA:52,1
DA:53,1
DA:54,1
DA:55,1
DA:56,1
DA:57,1
DA:58,4
DA:59,4
DA:60,4
DA:61,2
DA:62,2
DA:63,1
DA:64,1
DA:65,2
DA:66,1
DA:67,1
DA:68,4
DA:69,4
DA:70,1
DA:71,1
DA:72,27
DA:73,10
DA:74,27
DA:75,17
DA:76,17
DA:77,27
DA:78,1
DA:79,1
DA:80,1
DA:81,1
DA:82,1
DA:83,1
DA:84,1
DA:85,1
DA:86,1
DA:87,1
DA:88,1
DA:89,1
DA:90,1
DA:91,1
DA:92,1
DA:93,1
DA:94,1
DA:95,1
DA:96,1
DA:97,1
DA:98,1
DA:99,1
DA:100,1
DA:101,1
DA:102,1
DA:103,1
DA:104,1
DA:105,1
DA:106,1
DA:107,1
DA:108,1
DA:109,1
DA:110,1
DA:111,1
DA:112,1
DA:113,1
DA:114,1
DA:115,1
DA:116,1
DA:117,1
DA:118,6
DA:119,1
DA:120,1
DA:121,1
DA:122,6
DA:123,1
DA:124,1
DA:125,1
DA:126,1
DA:127,1
DA:128,1
DA:129,1
DA:130,1
DA:131,1
DA:132,1
DA:133,1
DA:134,1
DA:135,1
DA:136,1
DA:137,1
DA:138,1
DA:139,1
DA:140,1
DA:141,1
DA:142,1
DA:143,1
DA:144,1
DA:145,1
DA:146,1
DA:147,1
DA:148,1
DA:149,1
DA:150,1
DA:151,1
DA:152,1
DA:153,1
DA:154,1
DA:155,1
DA:156,1
DA:157,1
DA:158,1
DA:159,1
DA:160,1
DA:161,1
DA:162,1
LF:162
LH:162
BRDA:43,0,0,5
BRDA:47,1,0,16
BRDA:57,2,0,4
BRDA:60,3,0,2
BRDA:62,4,0,1
BRDA:62,5,0,1
BRDA:67,6,0,4
BRDA:71,7,0,27
BRDA:72,8,0,15
BRDA:72,9,0,10
BRDA:73,10,0,6
BRDA:73,11,0,4
BRDA:73,12,0,6
BRDA:74,13,0,17
BRDA:117,14,0,6
BRDA:121,15,0,6
BRF:16
BRH:16
end_of_record
TN:
SF:src\dictionary.ts
FN:18,assignAll
FN:32,shallowCopy
FN:49,forceValue
FN:63,IsAccessorDescriptor
FN:66,IsDataDescriptor
FN:69,IsGenericDescriptor
FN:73,IsCompatiblePropertyDescriptor
FN:115,construct
FN:118,defineProperty
FN:145,deleteProperty
FN:153,get
FN:179,has
FN:182,set
FN:337,Object.<anonymous>
FN:364,clear
FN:373,delete
FN:391,entries
FN:396,forEach
FN:406,get
FN:418,has
FN:427,keys
FN:449,set
FN:459,values
FNF:23
FNH:19
FNDA:6,assignAll
FNDA:0,shallowCopy
FNDA:1,forceValue
FNDA:61,IsAccessorDescriptor
FNDA:49,IsDataDescriptor
FNDA:12,IsGenericDescriptor
FNDA:19,IsCompatiblePropertyDescriptor
FNDA:1,construct
FNDA:3,defineProperty
FNDA:1,deleteProperty
FNDA:95,get
FNDA:4,has
FNDA:4,set
FNDA:0,Object.<anonymous>
FNDA:2,clear
FNDA:5,delete
FNDA:0,entries
FNDA:0,forEach
FNDA:8,get
FNDA:22,has
FNDA:3,keys
FNDA:3,set
FNDA:1,values
DA:1,1
DA:2,1
DA:3,1
DA:4,1
DA:5,1
DA:6,1
DA:7,1
DA:8,1
DA:9,1
DA:10,1
DA:11,1
DA:12,1
DA:13,1
DA:14,1
DA:15,1
DA:16,1
DA:17,1
DA:18,6
DA:19,6
DA:20,6
DA:21,12
DA:22,20
DA:23,20
DA:24,20
DA:25,12
DA:26,6
DA:27,6
DA:28,1
DA:29,1
DA:30,1
DA:31,1
DA:32,0
DA:33,0
DA:34,0
DA:35,0
DA:36,0
DA:37,0
DA:38,0
DA:39,1
DA:40,1
DA:41,1
DA:42,1
DA:43,1
DA:44,1
DA:45,1
DA:46,1
DA:47,1
DA:48,1
DA:49,1
DA:50,1
DA:51,2
DA:52,2
DA:53,2
DA:54,0
DA:55,0
DA:56,2
DA:57,1
DA:58,1
DA:59,1
DA:60,1
DA:61,1
DA:62,1
DA:63,1
DA:64,61
DA:65,1
DA:66,1
DA:67,49
DA:68,1
DA:69,1
DA:70,12
DA:71,9
DA:72,1
DA:73,1
DA:74,19
DA:75,2
DA:76,2
DA:77,17
DA:78,17
DA:79,19
DA:80,1
DA:81,1
DA:82,16
DA:83,16
DA:84,19
DA:85,15
DA:86,14
DA:87,19
DA:88,3
DA:89,3
DA:90,13
DA:91,13
DA:92,19
DA:93,3
DA:94,3
DA:95,19
DA:96,1
DA:97,10
DA:98,4
DA:99,4
DA:100,3
DA:101,4
DA:102,9
DA:103,5
DA:104,5
DA:105,3
DA:106,5
DA:107,5
DA:108,3
DA:109,3
DA:110,3
DA:111,1
DA:112,1
DA:113,1
DA:114,1
DA:115,1
DA:116,1
DA:117,1
DA:118,1
DA:119,3
DA:120,3
DA:121,3
DA:122,3
DA:123,2
DA:124,0
DA:125,2
DA:126,1
DA:127,1
DA:128,3
DA:129,1
DA:130,0
DA:131,0
DA:132,1
DA:133,1
DA:134,1
DA:135,1
DA:136,0
DA:137,0
DA:138,1
DA:139,1
DA:140,3
DA:141,0
DA:142,0
DA:143,1
DA:144,1
DA:145,1
DA:146,1
DA:147,0
DA:148,0
DA:149,1
DA:150,1
DA:151,1
DA:152,1
DA:153,1
DA:154,95
DA:155,95
DA:156,95
DA:157,95
DA:158,95
DA:159,95
DA:160,95
DA:161,95
DA:162,95
DA:163,95
DA:164,1
DA:165,95
DA:166,1
DA:167,1
DA:168,1
DA:169,1
DA:170,1
DA:171,94
DA:172,95
DA:173,86
DA:174,86
DA:175,95
DA:176,0
DA:177,0
DA:178,1
DA:179,1
DA:180,4
DA:181,1
DA:182,1
DA:183,4
DA:184,4
DA:185,0
DA:186,0
DA:187,0
DA:188,0
DA:189,0
DA:190,0
DA:191,0
DA:192,0
DA:193,4
DA:194,4
DA:195,4
DA:196,4
DA:197,1
DA:198,1
DA:199,1
DA:200,1
DA:201,1
DA:202,1
DA:203,1
DA:204,1
DA:205,1
DA:206,1
DA:207,1
DA:208,1
DA:209,1
DA:210,1
DA:211,1
DA:212,1
DA:213,1
DA:214,1
DA:215,1
DA:216,1
DA:217,1
DA:218,1
DA:219,1
DA:220,1
DA:221,1
DA:222,1
DA:223,1
DA:224,1
DA:225,1
DA:226,1
DA:227,1
DA:228,1
DA:229,1
DA:230,1
DA:231,1
DA:232,1
DA:233,1
DA:234,1
DA:235,1
DA:236,1
DA:237,1
DA:238,1
DA:239,1
DA:240,1
DA:241,1
DA:242,1
DA:243,1
DA:244,1
DA:245,1
DA:246,1
DA:247,1
DA:248,1
DA:249,1
DA:250,1
DA:251,1
DA:252,1
DA:253,1
DA:254,1
DA:255,1
DA:256,1
DA:257,1
DA:258,1
DA:259,1
DA:260,1
DA:261,1
DA:262,1
DA:263,1
DA:264,1
DA:265,1
DA:266,1
DA:267,1
DA:268,1
DA:269,1
DA:270,1
DA:271,1
DA:272,1
DA:273,1
DA:274,1
DA:275,1
DA:276,1
DA:277,1
DA:278,1
DA:279,1
DA:280,1
DA:281,1
DA:282,1
DA:283,1
DA:284,1
DA:285,1
DA:286,1
DA:287,1
DA:288,1
DA:289,1
DA:290,1
DA:291,1
DA:292,1
DA:293,1
DA:294,1
DA:295,1
DA:296,1
DA:297,1
DA:298,1
DA:299,1
DA:300,1
DA:301,1
DA:302,1
DA:303,1
DA:304,1
DA:305,1
DA:306,1
DA:307,1
DA:308,1
DA:309,1
DA:310,1
DA:311,1
DA:312,1
DA:313,1
DA:314,1
DA:315,1
DA:316,1
DA:317,1
DA:318,1
DA:319,1
DA:320,1
DA:321,1
DA:322,1
DA:323,1
DA:324,1
DA:325,1
DA:326,1
DA:327,1
DA:328,1
DA:329,1
DA:330,1
DA:331,1
DA:332,1
DA:333,1
DA:334,1
DA:335,1
DA:336,1
DA:337,1
DA:338,0
DA:339,0
DA:340,0
DA:341,1
DA:342,1
DA:343,1
DA:344,1
DA:345,1
DA:346,1
DA:347,1
DA:348,1
DA:349,1
DA:350,1
DA:351,1
DA:352,1
DA:353,1
DA:354,1
DA:355,1
DA:356,1
DA:357,1
DA:358,1
DA:359,1
DA:360,1
DA:361,1
DA:362,1
DA:363,1
DA:364,1
DA:365,2
DA:366,4
DA:367,4
DA:368,2
DA:369,1
DA:370,1
DA:371,1
DA:372,1
DA:373,1
DA:374,5
DA:375,4
DA:376,4
DA:377,4
DA:378,4
DA:379,4
DA:380,4
DA:381,4
DA:382,0
DA:383,0
DA:384,0
DA:385,0
DA:386,4
DA:387,1
DA:388,1
DA:389,1
DA:390,1
DA:391,1
DA:392,0
DA:393,0
DA:394,0
DA:395,1
DA:396,1
DA:397,0
DA:398,0
DA:399,0
DA:400,1
DA:401,1
DA:402,1
DA:403,1
DA:404,1
DA:405,1
DA:406,1
DA:407,8
DA:408,8
DA:409,1
DA:410,1
DA:411,1
DA:412,8
DA:413,4
DA:414,4
DA:415,4
DA:416,8
DA:417,1
DA:418,1
DA:419,22
DA:420,22
DA:421,22
DA:422,16
DA:423,16
DA:424,22
DA:425,22
DA:426,1
DA:427,1
DA:428,3
DA:429,3
DA:430,3
DA:431,1
DA:432,1
DA:433,1
DA:434,1
DA:435,1
DA:436,1
DA:437,1
DA:438,1
DA:439,1
DA:440,1
DA:441,1
DA:442,1
DA:443,1
DA:444,1
DA:445,1
DA:446,1
DA:447,1
DA:448,1
DA:449,1
DA:450,3
DA:451,2
DA:452,2
DA:453,2
DA:454,2
DA:455,2
DA:456,2
DA:457,2
DA:458,1
DA:459,1
DA:460,1
DA:461,1
DA:462,1
DA:463,1
LF:463
LH:422
BRDA:18,0,0,6
BRDA:20,1,0,12
BRDA:21,2,0,20
BRDA:49,3,0,1
BRDA:50,4,0,2
BRDA:53,5,0,0
BRDA:63,6,0,61
BRDA:64,7,0,56
BRDA:66,8,0,49
BRDA:67,9,0,26
BRDA:69,10,0,12
BRDA:70,11,0,9
BRDA:73,12,0,19
BRDA:74,13,0,2
BRDA:77,14,0,17
BRDA:79,15,0,12
BRDA:79,16,0,12
BRDA:79,17,0,8
BRDA:79,18,0,7
BRDA:79,19,0,3
BRDA:79,20,0,1
BRDA:82,21,0,16
BRDA:84,22,0,15
BRDA:85,23,0,14
BRDA:87,24,0,3
BRDA:90,25,0,13
BRDA:92,26,0,8
BRDA:92,27,0,8
BRDA:92,28,0,4
BRDA:92,29,0,3
BRDA:95,30,0,10
BRDA:95,31,0,1
BRDA:95,32,0,1
BRDA:97,33,0,9
BRDA:97,34,0,4
BRDA:97,35,0,4
BRDA:97,36,0,4
BRDA:97,37,0,4
BRDA:99,38,0,1
BRDA:99,39,0,3
BRDA:102,40,0,5
BRDA:104,41,0,4
BRDA:104,42,0,3
BRDA:105,43,0,2
BRDA:108,44,0,3
BRDA:115,45,0,1
BRDA:118,46,0,3
BRDA:122,47,0,2
BRDA:123,48,0,0
BRDA:125,49,0,1
BRDA:128,50,0,1
BRDA:129,51,0,0
BRDA:135,52,0,0
BRDA:135,53,0,0
BRDA:135,54,0,0
BRDA:135,55,0,0
BRDA:135,56,0,0
BRDA:140,57,0,0
BRDA:143,58,0,1
BRDA:145,59,0,1
BRDA:146,60,0,0
BRDA:153,61,0,95
BRDA:161,62,0,49
BRDA:162,63,0,44
BRDA:163,64,0,1
BRDA:165,65,0,1
BRDA:171,66,0,94
BRDA:172,67,0,86
BRDA:175,68,0,8
BRDA:175,69,0,0
BRDA:179,70,0,4
BRDA:182,71,0,4
BRDA:184,72,0,0
BRDA:184,73,0,0
BRDA:195,74,0,3
BRDA:364,75,0,2
BRDA:365,76,0,4
BRDA:373,77,0,5
BRDA:374,78,0,4
BRDA:381,79,0,0
BRDA:387,80,0,1
BRDA:406,81,0,8
BRDA:408,82,0,1
BRDA:408,83,0,1
BRDA:412,84,0,7
BRDA:412,85,0,4
BRDA:418,86,0,22
BRDA:421,87,0,16
BRDA:423,88,0,4
BRDA:427,89,0,3
BRDA:449,90,0,3
BRDA:450,91,0,2
BRDA:459,92,0,1
BRF:93
BRH:79
end_of_record
TN:
SF:src\enumtypes.ts
FN:337,CallableClass
FN:339,apply
FNF:2
FNH:2
FNDA:2,CallableClass
FNDA:1,apply
DA:1,1
DA:2,1
DA:3,1
DA:4,1
DA:5,1
DA:6,1
DA:7,1
DA:8,1
DA:9,1
DA:10,1
DA:11,1
DA:12,1
DA:13,1
DA:14,1
DA:15,1
DA:16,1
DA:17,1
DA:18,1
DA:19,1
DA:20,1
DA:21,1
DA:22,1
DA:23,1
DA:24,1
DA:25,1
DA:26,1
DA:27,1
DA:28,1
DA:29,1
DA:30,1
DA:31,1
DA:32,1
DA:33,1
DA:34,1
DA:35,1
DA:36,1
DA:37,1
DA:38,1
DA:39,1
DA:40,1
DA:41,1
DA:42,1
DA:43,1
DA:44,1
DA:45,1
DA:46,1
DA:47,1
DA:48,1
DA:49,1
DA:50,1
DA:51,1
DA:52,1
DA:53,1
DA:54,1
DA:55,1
DA:56,1
DA:57,1
DA:58,1
DA:59,1
DA:60,1
DA:61,1
DA:62,1
DA:63,1
DA:64,1
DA:65,1
DA:66,1
DA:67,1
DA:68,1
DA:69,1
DA:70,1
DA:71,1
DA:72,1
DA:73,1
DA:74,1
DA:75,1
DA:76,1
DA:77,1
DA:78,1
DA:79,1
DA:80,1
DA:81,1
DA:82,1
DA:83,1
DA:84,1
DA:85,1
DA:86,1
DA:87,1
DA:88,1
DA:89,1
DA:90,1
DA:91,1
DA:92,1
DA:93,1
DA:94,1
DA:95,1
DA:96,1
DA:97,1
DA:98,1
DA:99,1
DA:100,1
DA:101,1
DA:102,1
DA:103,1
DA:104,1
DA:105,1
DA:106,1
DA:107,1
DA:108,1
DA:109,1
DA:110,1
DA:111,1
DA:112,1
DA:113,1
DA:114,1
DA:115,1
DA:116,1
DA:117,1
DA:118,1
DA:119,1
DA:120,1
DA:121,1
DA:122,1
DA:123,1
DA:124,1
DA:125,1
DA:126,1
DA:127,1
DA:128,1
DA:129,1
DA:130,1
DA:131,1
DA:132,1
DA:133,1
DA:134,1
DA:135,1
DA:136,1
DA:137,1
DA:138,1
DA:139,1
DA:140,1
DA:141,1
DA:142,1
DA:143,1
DA:144,1
DA:145,1
DA:146,1
DA:147,1
DA:148,1
DA:149,1
DA:150,1
DA:151,1
DA:152,1
DA:153,1
DA:154,1
DA:155,1
DA:156,1
DA:157,1
DA:158,1
DA:159,1
DA:160,1
DA:161,1
DA:162,1
DA:163,1
DA:164,1
DA:165,1
DA:166,1
DA:167,1
DA:168,1
DA:169,1
DA:170,1
DA:171,1
DA:172,1
DA:173,1
DA:174,1
DA:175,1
DA:176,1
DA:177,1
DA:178,1
DA:179,1
DA:180,1
DA:181,1
DA:182,1
DA:183,1
DA:184,1
DA:185,1
DA:186,1
DA:187,1
DA:188,1
DA:189,1
DA:190,1
DA:191,1
DA:192,1
DA:193,1
DA:194,1
DA:195,1
DA:196,1
DA:197,1
DA:198,1
DA:199,1
DA:200,1
DA:201,1
DA:202,1
DA:203,1
DA:204,1
DA:205,1
DA:206,1
DA:207,1
DA:208,1
DA:209,1
DA:210,1
DA:211,1
DA:212,1
DA:213,1
DA:214,1
DA:215,1
DA:216,1
DA:217,1
DA:218,1
DA:219,1
DA:220,1
DA:221,1
DA:222,1
DA:223,1
DA:224,1
DA:225,1
DA:226,1
DA:227,1
DA:228,1
DA:229,1
DA:230,1
DA:231,1
DA:232,1
DA:233,1
DA:234,1
DA:235,1
DA:236,1
DA:237,1
DA:238,1
DA:239,1
DA:240,1
DA:241,1
DA:242,1
DA:243,1
DA:244,1
DA:245,1
DA:246,1
DA:247,1
DA:248,1
DA:249,1
DA:250,1
DA:251,1
DA:252,1
DA:253,1
DA:254,1
DA:255,1
DA:256,1
DA:257,1
DA:258,1
DA:259,1
DA:260,1
DA:261,1
DA:262,1
DA:263,1
DA:264,1
DA:265,1
DA:266,1
DA:267,1
DA:268,1
DA:269,1
DA:270,1
DA:271,1
DA:272,1
DA:273,1
DA:274,1
DA:275,1
DA:276,1
DA:277,1
DA:278,1
DA:279,1
DA:280,1
DA:281,1
DA:282,1
DA:283,1
DA:284,1
DA:285,1
DA:286,1
DA:287,1
DA:288,1
DA:289,1
DA:290,1
DA:291,1
DA:292,1
DA:293,1
DA:294,1
DA:295,1
DA:296,1
DA:297,1
DA:298,1
DA:299,1
DA:300,1
DA:301,1
DA:302,1
DA:303,1
DA:304,1
DA:305,1
DA:306,1
DA:307,1
DA:308,1
DA:309,1
DA:310,1
DA:311,1
DA:312,1
DA:313,1
DA:314,1
DA:315,1
DA:316,1
DA:317,1
DA:318,1
DA:319,1
DA:320,1
DA:321,1
DA:322,1
DA:323,1
DA:324,1
DA:325,1
DA:326,1
DA:327,1
DA:328,1
DA:329,1
DA:330,1
DA:331,1
DA:332,1
DA:333,1
DA:334,1
DA:335,1
DA:336,1
DA:337,2
DA:338,2
DA:339,2
DA:340,1
DA:341,1
DA:342,2
DA:343,2
LF:343
LH:343
BRDA:337,0,0,2
BRDA:339,1,0,1
BRF:2
BRH:2
end_of_record
TN:
SF:src\types.ts
FNF:0
FNH:0
DA:1,1
DA:2,1
DA:3,1
DA:4,1
DA:5,1
DA:6,1
DA:7,1
DA:8,1
DA:9,1
DA:10,1
DA:11,1
DA:12,1
DA:13,1
DA:14,1
DA:15,1
DA:16,1
DA:17,1
DA:18,1
DA:19,1
DA:20,1
DA:21,1
DA:22,1
DA:23,1
DA:24,1
DA:25,1
DA:26,1
DA:27,1
DA:28,1
DA:29,1
DA:30,1
DA:31,1
DA:32,1
DA:33,1
DA:34,1
DA:35,1
DA:36,1
DA:37,1
DA:38,1
DA:39,1
DA:40,1
DA:41,1
DA:42,1
DA:43,1
DA:44,1
DA:45,1
DA:46,1
DA:47,1
DA:48,1
DA:49,1
DA:50,1
DA:51,1
DA:52,1
LF:52
LH:52
BRF:0
BRH:0
end_of_record
TN:
SF:tests\function-test.ts
FN:85,FunctionTest
FNF:1
FNH:1
FNDA:7,FunctionTest
DA:1,1
DA:2,1
DA:3,1
DA:4,1
DA:5,1
DA:6,1
DA:7,1
DA:8,1
DA:9,1
DA:10,1
DA:11,1
DA:12,1
DA:13,1
DA:14,1
DA:15,1
DA:16,1
DA:17,1
DA:18,1
DA:19,1
DA:20,1
DA:21,1
DA:22,1
DA:23,1
DA:24,1
DA:25,1
DA:26,1
DA:27,1
DA:28,1
DA:29,1
DA:30,1
DA:31,1
DA:32,1
DA:33,1
DA:34,1
DA:35,1
DA:36,1
DA:37,1
DA:38,1
DA:39,1
DA:40,1
DA:41,1
DA:42,1
DA:43,1
DA:44,1
DA:45,1
DA:46,1
DA:47,1
DA:48,1
DA:49,1
DA:50,1
DA:51,1
DA:52,1
DA:53,1
DA:54,1
DA:55,1
DA:56,1
DA:57,1
DA:58,1
DA:59,1
DA:60,1
DA:61,1
DA:62,1
DA:63,1
DA:64,1
DA:65,1
DA:66,1
DA:67,1
DA:68,1
DA:69,1
DA:70,1
DA:71,1
DA:72,1
DA:73,1
DA:74,1
DA:75,1
DA:76,1
DA:77,1
DA:78,1
DA:79,1
DA:80,1
DA:81,1
DA:82,1
DA:83,1
DA:84,1
DA:85,7
DA:86,7
DA:87,7
DA:88,7
DA:89,7
DA:90,7
DA:91,7
DA:92,7
DA:93,7
DA:94,7
DA:95,7
DA:96,7
DA:97,7
DA:98,7
DA:99,7
DA:100,7
DA:101,7
DA:102,7
DA:103,7
DA:104,7
DA:105,7
DA:106,7
DA:107,7
DA:108,7
DA:109,7
DA:110,7
DA:111,7
DA:112,7
DA:113,7
DA:114,7
DA:115,7
DA:116,7
DA:117,2
DA:118,1
DA:119,1
DA:120,1
DA:121,1
DA:122,1
DA:123,2
DA:124,0
DA:125,0
DA:126,2
DA:127,5
DA:128,7
DA:129,8
DA:130,8
DA:131,8
DA:132,0
DA:133,0
DA:134,8
DA:135,5
DA:136,5
DA:137,5
DA:138,7
DA:139,57
DA:140,57
DA:141,57
DA:142,13
DA:143,57
DA:144,0
DA:145,0
DA:146,57
DA:147,57
DA:148,13
DA:149,13
DA:150,57
DA:151,57
DA:152,57
DA:153,5
LF:153
LH:147
BRDA:85,0,0,7
BRDA:95,1,0,2
BRDA:95,2,0,1
BRDA:96,3,0,6
BRDA:96,4,0,2
BRDA:97,5,0,6
BRDA:97,6,0,6
BRDA:116,7,0,2
BRDA:117,8,0,1
BRDA:123,9,0,0
BRDA:127,10,0,5
BRDA:128,11,0,8
BRDA:131,12,0,0
BRDA:135,13,0,5
BRDA:138,14,0,57
BRDA:141,15,0,13
BRDA:143,16,0,44
BRDA:143,17,0,0
BRDA:147,18,0,13
BRDA:153,19,0,5
BRDA:137,20,0,57
BRF:21
BRH:18
end_of_record
